Arguments: 
  C:\dev\nodejs\node.exe c:\dev\nvm\npm\node_modules\yarn\bin\yarn.js add archiver

PATH: 
  C:\Program Files\Python37\Scripts\;C:\Program Files\Python37\;C:\Windows\system32;C:\Windows;C:\Windows\System32\Wbem;C:\Windows\System32\WindowsPowerShell\v1.0\;C:\Windows\System32\OpenSSH\;C:\Users\Colorful\AppData\Local\Microsoft\WindowsApps;C:\Users\Colorful\AppData\Local\Programs\Microsoft VS Code\bin;c:\dev\nvm\npm;C:\dev\nvm;C:\dev\nodejs;C:\Program Files\Git\cmd;C:\Python27\Scripts;C:\Python27;C:\Users\Colorful\AppData\Local\Microsoft\WindowsApps;C:\Users\Colorful\AppData\Local\Programs\Microsoft VS Code\bin;c:\dev\nvm\npm;C:\dev\nvm;C:\dev\nodejs;C:\Users\Colorful\AppData\Local\GitHubDesktop\bin;C:\Python27;C:\Python27\Scripts;

Yarn version: 
  1.13.0

Node version: 
  10.15.2

Platform: 
  win32 x64

Trace: 
  Error: EPERM: operation not permitted, lstat 'E:\pro\node_demo\node_modules\@octokit\rest'

npm manifest: 
  {
    "name": "node_demo",
    "version": "1.0.0",
    "description": "",
    "main": "index.js",
    "scripts": {
      "test": "echo \"Error: no test specified\" && exit 1",
      "start": "node index.js"
    },
    "bin": {
      "mx": "index.js"
    },
    "author": "",
    "license": "ISC",
    "dependencies": {
      "@octokit/rest": "^16.23.4",
      "chalk": "^2.4.2",
      "clear": "^0.1.0",
      "clui": "^0.3.6",
      "commander": "^2.20.0",
      "configstore": "^4.0.0",
      "figlet": "^1.2.1",
      "inquirer": "^6.2.2",
      "lodash": "^4.17.11",
      "minimist": "^1.2.0",
      "simple-git": "^1.110.0",
      "touch": "^3.1.0"
    }
  }

yarn manifest: 
  No manifest

Lockfile: 
  No lockfile
